#
# A fatal error has been detected by the Java Runtime Environment:
#
#  SIGSEGV (0xb) at pc=0x0000000000050006, pid=3626, tid=1811
#
# JRE version: Java(TM) SE Runtime Environment (8.0_65-b17) (build 1.8.0_65-b17)
# Java VM: Java HotSpot(TM) 64-Bit Server VM (25.65-b01 mixed mode bsd-amd64 compressed oops)
# Problematic frame:
# C  0x0000000000050006
#
# Failed to write core dump. Core dumps have been disabled. To enable core dumping, try "ulimit -c unlimited" before starting Java again
#
# If you would like to submit a bug report, please visit:
#   http://bugreport.java.com/bugreport/crash.jsp
# The crash happened outside the Java Virtual Machine in native code.
# See problematic frame for where to report the bug.
#

---------------  T H R E A D  ---------------

Current thread (0x00007fd761a4f800):  JavaThread "AppKit Thread" daemon [_thread_in_native, id=1811, stack(0x00007fff55c72000,0x00007fff56472000)]

siginfo: si_signo: 11 (SIGSEGV), si_code: 1 (SEGV_MAPERR), si_addr: 0x0000000000050006

Registers:
RAX=0x00007fd763e8b490, RBX=0x00007fd7668a04d0, RCX=0x0000000000000000, RDX=0x0000000000000000
RSP=0x00007fff5646ef48, RBP=0x00007fff5646ef60, RSI=0x00007fd76177e278, RDI=0x00007fd7631349f8
R8 =0x00007fff5646f000, R9 =0x000000000000009e, R10=0x0000000000000003, R11=0x000000012121e1d0
R12=0x00007fd761712d80, R13=0x00000000000f4409, R14=0x00007fd7631349f8, R15=0x00007fff5646f150
RIP=0x0000000000050006, EFLAGS=0x0000000000010246, ERR=0x0000000000000014
  TRAPNO=0x000000000000000e

Top of Stack: (sp=0x00007fff5646ef48)
0x00007fff5646ef48:   000000012121e1f5 4088400000000000
0x00007fff5646ef58:   00007fd7631349f8 00007fff5646ef80
0x00007fff5646ef68:   000000012121e48f 4088400000000000
0x00007fff5646ef78:   00007fd7668a6660 00007fff5646f010
0x00007fff5646ef88:   0000000129875468 0000000000000000
0x00007fff5646ef98:   0000000000000000 0000000000000000
0x00007fff5646efa8:   0000000000000000 4054000000000000
0x00007fff5646efb8:   0000000000000000 4088f00000000000
0x00007fff5646efc8:   0000000000000000 0000000000000000
0x00007fff5646efd8:   0000000000000000 4088400000000000
0x00007fff5646efe8:   0000000000000000 4088400000000000
0x00007fff5646eff8:   00007fff5646f1e0 00007fd7669cfa00
0x00007fff5646f008:   00007fff5646f150 00007fff5646f020
0x00007fff5646f018:   00007fff8cab645c 00007fff5646f380
0x00007fff5646f028:   00007fff8c9a6634 4054000000000000
0x00007fff5646f038:   4036000000000000 0000000000000000
0x00007fff5646f048:   4088400000000000 4054000000000000
0x00007fff5646f058:   0000000000000ed0 ffffffffffffffff
0x00007fff5646f068:   00007fd7669cfa00 0000000000000000
0x00007fff5646f078:   00007fff5646f150 0000000000000000
0x00007fff5646f088:   00007fd7614bbfb0 00007fff5646f1d0
0x00007fff5646f098:   000000000000009e 00000000000f4428
0x00007fff5646f0a8:   00007fd7669d1010 00007fd7668a68d0
0x00007fff5646f0b8:   00007fd761712d80 0000000000000001
0x00007fff5646f0c8:   00000000000f4409 00007fd761712d70
0x00007fff5646f0d8:   00007fff8f06f433 00007fff5646f180
0x00007fff5646f0e8:   00007fff90c82483 00007fff5646f164
0x00007fff5646f0f8:   0000000000a07301 00000000ffffffff
0x00007fff5646f108:   00007fff74caf8c8 0000000000a07300
0x00007fff5646f118:   00007fff00000000 00007fff74caf8e0
0x00007fff5646f128:   0000000000000023 0006430388ea8da1
0x00007fff5646f138:   00007fd761712da4 0000000000000000 

Instructions: (pc=0x0000000000050006)
0x000000000004ffe6:   
[error occurred during error reporting (printing registers, top of stack, instructions near pc), id 0xb]

Register to memory mapping:

RAX=0x00007fd763e8b490 is an unknown value
RBX=0x00007fd7668a04d0 is an unknown value
RCX=0x0000000000000000 is an unknown value
RDX=0x0000000000000000 is an unknown value
RSP=0x00007fff5646ef48 is pointing into the stack for thread: 0x00007fd761a4f800
RBP=0x00007fff5646ef60 is pointing into the stack for thread: 0x00007fd761a4f800
RSI=0x00007fd76177e278 is a weak global jni handle
RDI=0x00007fd7631349f8 is an unknown value
R8 =0x00007fff5646f000 is pointing into the stack for thread: 0x00007fd761a4f800
R9 =0x000000000000009e is an unknown value
R10=0x0000000000000003 is an unknown value
R11=0x000000012121e1d0: -[JNFWeakJObjectWrapper _getWithEnv:]+0 in /System/Library/Frameworks/JavaVM.framework/Versions/A/Frameworks/JavaNativeFoundation.framework/Versions/A/JavaNativeFoundation at 0x0000000121218000
R12=0x00007fd761712d80 is an unknown value
R13=0x00000000000f4409 is an unknown value
R14=0x00007fd7631349f8 is an unknown value
R15=0x00007fff5646f150 is pointing into the stack for thread: 0x00007fd761a4f800


Stack: [0x00007fff55c72000,0x00007fff56472000],  sp=0x00007fff5646ef48,  free space=8179k
Native frames: (J=compiled Java code, j=interpreted, Vv=VM code, C=native code)
C  0x0000000000050006
C  [JavaNativeFoundation+0x648f]  -[JNFJObjectWrapper jObjectWithEnv:]+0x1d
C  [libawt_lwawt.dylib+0xa468]  -[AWTWindow _deliverMoveResizeEvent]+0xa4
C  [CoreFoundation+0x12045c]  __CFNOTIFICATIONCENTER_IS_CALLING_OUT_TO_AN_OBSERVER__+0xc
C  [CoreFoundation+0x10634]  _CFXNotificationPost+0xc44
C  [Foundation+0x7aa1]  -[NSNotificationCenter postNotificationName:object:userInfo:]+0x42
C  [AppKit+0xd2660]  -[NSWindow _setFrameCommon:display:stashSize:]+0xb45
C  [libawt_lwawt.dylib+0xca5c]  __Java_sun_lwawt_macosx_CPlatformWindow_nativeSetNSWindowBounds_block_invoke_1+0x11c
C  [JavaNativeFoundation+0x65f5]  +[JNFRunLoop _performCopiedBlock:]+0x14
C  [Foundation+0x92dd0]  __NSThreadPerformPerform+0x125
C  [CoreFoundation+0x80a01]  __CFRUNLOOP_IS_CALLING_OUT_TO_A_SOURCE0_PERFORM_FUNCTION__+0x11
C  [CoreFoundation+0x72c5c]  __CFRunLoopDoSources0+0x1dc
C  [CoreFoundation+0x721bf]  __CFRunLoopRun+0x39f
C  [CoreFoundation+0x71bd8]  CFRunLoopRunSpecific+0x128
C  [java+0x6463]  CreateExecutionEnvironment+0x367
C  [java+0x21ac]  JLI_Launch+0x7a0
C  [java+0x84c0]  main+0x65
C  [java+0x1a04]  start+0x34
C  0x0000000000000005


---------------  P R O C E S S  ---------------

Java Threads: ( => current thread )
  0x00007fd763608800 JavaThread "AWT-EventQueue-0" [_thread_blocked, id=31251, stack(0x000000018de9d000,0x000000018df9d000)]
  0x00007fd7635cf800 JavaThread "AWT-Shutdown" [_thread_blocked, id=36999, stack(0x000000018dd9a000,0x000000018de9a000)]
  0x00007fd761b3f800 JavaThread "Java2D Disposer" daemon [_thread_blocked, id=48139, stack(0x000000012afd8000,0x000000012b0d8000)]
=>0x00007fd761a4f800 JavaThread "AppKit Thread" daemon [_thread_in_native, id=1811, stack(0x00007fff55c72000,0x00007fff56472000)]
  0x00007fd763206000 JavaThread "Java2D Queue Flusher" daemon [_thread_blocked, id=34575, stack(0x0000000127bf4000,0x0000000127cf4000)]
  0x00007fd7619c0000 JavaThread "DestroyJavaVM" [_thread_blocked, id=4867, stack(0x00000001098a5000,0x00000001099a5000)]
  0x00007fd76328e000 JavaThread "Thread-8" [_thread_blocked, id=61187, stack(0x0000000129769000,0x0000000129869000)]
  0x00007fd76329e000 JavaThread "Thread-7" [_thread_in_native, id=1071, stack(0x0000000129666000,0x0000000129766000)]
  0x00007fd7631a5800 JavaThread "Prism Font Disposer" daemon [_thread_blocked, id=49439, stack(0x0000000128ce2000,0x0000000128de2000)]
  0x00007fd763190000 JavaThread "Thread-3" daemon [_thread_in_native, id=35591, stack(0x0000000126a26000,0x0000000126aa6000)]
  0x00007fd76194a800 JavaThread "Thread-1" daemon [_thread_blocked, id=23839, stack(0x0000000123e77000,0x0000000123f77000)]
  0x00007fd763021000 JavaThread "Service Thread" daemon [_thread_blocked, id=18179, stack(0x0000000122f2d000,0x000000012302d000)]
  0x00007fd762819000 JavaThread "C1 CompilerThread2" daemon [_thread_blocked, id=17667, stack(0x0000000122e2a000,0x0000000122f2a000)]
  0x00007fd762817800 JavaThread "C2 CompilerThread1" daemon [_thread_blocked, id=17155, stack(0x0000000122d27000,0x0000000122e27000)]
  0x00007fd762816800 JavaThread "C2 CompilerThread0" daemon [_thread_blocked, id=16643, stack(0x0000000122c24000,0x0000000122d24000)]
  0x00007fd761810000 JavaThread "Signal Dispatcher" daemon [_thread_blocked, id=13331, stack(0x0000000122b21000,0x0000000122c21000)]
  0x00007fd76300d000 JavaThread "Finalizer" daemon [_thread_blocked, id=11523, stack(0x00000001210fe000,0x00000001211fe000)]
  0x00007fd76300c800 JavaThread "Reference Handler" daemon [_thread_blocked, id=11011, stack(0x0000000120ffb000,0x00000001210fb000)]

Other Threads:
  0x00007fd761839800 VMThread [stack: 0x0000000120ef8000,0x0000000120ff8000] [id=10499]
  0x00007fd763029800 WatcherThread [stack: 0x0000000123030000,0x0000000123130000] [id=18691]

VM state:not at safepoint (normal execution)

VM Mutex/Monitor currently owned by a thread: None

Heap:
 PSYoungGen      total 38400K, used 24210K [0x0000000795580000, 0x000000079a080000, 0x00000007c0000000)
  eden space 33280K, 57% used [0x0000000795580000,0x0000000796826ae0,0x0000000797600000)
  from space 5120K, 99% used [0x0000000797600000,0x0000000797afe080,0x0000000797b00000)
  to   space 5120K, 0% used [0x0000000799b80000,0x0000000799b80000,0x000000079a080000)
 ParOldGen       total 87552K, used 946K [0x0000000740000000, 0x0000000745580000, 0x0000000795580000)
  object space 87552K, 1% used [0x0000000740000000,0x00000007400ec810,0x0000000745580000)
 Metaspace       used 18858K, capacity 19648K, committed 19840K, reserved 1067008K
  class space    used 2657K, capacity 2848K, committed 2944K, reserved 1048576K

Card table byte_map: [0x000000011a549000,0x000000011a94a000] byte_map_base: 0x0000000116b49000

Marking Bits: (ParMarkBitMap*) 0x000000010aadee20
 Begin Bits: [0x000000011b001000, 0x000000011d001000)
 End Bits:   [0x000000011d001000, 0x000000011f001000)

Polling page: 0x00000001099ea000

CodeCache: size=245760Kb used=5938Kb max_used=5938Kb free=239821Kb
 bounds [0x000000010b189000, 0x000000010b759000, 0x000000011a189000]
 total_blobs=2747 nmethods=1979 adapters=680
 compilation: enabled

Compilation events (10 events):
Event: 13.437 Thread 0x00007fd762819000 1976       1       java.util.EventObject::getSource (5 bytes)
Event: 13.437 Thread 0x00007fd762819000 nmethod 1976 0x000000010b7555d0 code [0x000000010b755720, 0x000000010b755830]
Event: 13.438 Thread 0x00007fd762819000 1977       3       java.lang.Class::getReflectionFactory (26 bytes)
Event: 13.438 Thread 0x00007fd762819000 nmethod 1977 0x000000010b755890 code [0x000000010b755a20, 0x000000010b755e08]
Event: 13.438 Thread 0x00007fd762819000 1978       3       sun.reflect.ReflectionFactory::langReflectAccess (15 bytes)
Event: 13.438 Thread 0x00007fd762819000 nmethod 1978 0x000000010b755f10 code [0x000000010b756080, 0x000000010b756290]
Event: 13.439 Thread 0x00007fd762819000 1979       3       java.lang.Class::checkInitted (19 bytes)
Event: 13.439 Thread 0x00007fd762819000 nmethod 1979 0x000000010b756310 code [0x000000010b7564a0, 0x000000010b756768]
Event: 13.439 Thread 0x00007fd762819000 1980       1       java.awt.Component::getParent_NoClientCode (5 bytes)
Event: 13.439 Thread 0x00007fd762819000 nmethod 1980 0x000000010b756850 code [0x000000010b7569a0, 0x000000010b756ab0]

GC Heap History (2 events):
Event: 1.461 GC heap before
{Heap before GC invocations=1 (full 0):
 PSYoungGen      total 38400K, used 31958K [0x0000000795580000, 0x0000000798000000, 0x00000007c0000000)
  eden space 33280K, 96% used [0x0000000795580000,0x00000007974b5928,0x0000000797600000)
  from space 5120K, 0% used [0x0000000797b00000,0x0000000797b00000,0x0000000798000000)
  to   space 5120K, 0% used [0x0000000797600000,0x0000000797600000,0x0000000797b00000)
 ParOldGen       total 87552K, used 0K [0x0000000740000000, 0x0000000745580000, 0x0000000795580000)
  object space 87552K, 0% used [0x0000000740000000,0x0000000740000000,0x0000000745580000)
 Metaspace       used 13244K, capacity 13798K, committed 13952K, reserved 1060864K
  class space    used 1988K, capacity 2144K, committed 2176K, reserved 1048576K
Event: 1.477 GC heap after
Heap after GC invocations=1 (full 0):
 PSYoungGen      total 38400K, used 5112K [0x0000000795580000, 0x000000079a080000, 0x00000007c0000000)
  eden space 33280K, 0% used [0x0000000795580000,0x0000000795580000,0x0000000797600000)
  from space 5120K, 99% used [0x0000000797600000,0x0000000797afe080,0x0000000797b00000)
  to   space 5120K, 0% used [0x0000000799b80000,0x0000000799b80000,0x000000079a080000)
 ParOldGen       total 87552K, used 946K [0x0000000740000000, 0x0000000745580000, 0x0000000795580000)
  object space 87552K, 1% used [0x0000000740000000,0x00000007400ec810,0x0000000745580000)
 Metaspace       used 13244K, capacity 13798K, committed 13952K, reserved 1060864K
  class space    used 1988K, capacity 2144K, committed 2176K, reserved 1048576K
}

Deoptimization events (10 events):
Event: 0.907 Thread 0x00007fd763134800 Uncommon trap: reason=class_check action=maybe_recompile pc=0x000000010b3d7944 method=java.io.DataInputStream.readShort()S @ 4
Event: 0.914 Thread 0x00007fd763134800 Uncommon trap: reason=class_check action=maybe_recompile pc=0x000000010b2a7e1c method=java.lang.String.equals(Ljava/lang/Object;)Z @ 8
Event: 0.914 Thread 0x00007fd763134800 Uncommon trap: reason=class_check action=maybe_recompile pc=0x000000010b2a7e1c method=java.lang.String.equals(Ljava/lang/Object;)Z @ 8
Event: 0.914 Thread 0x00007fd763134800 Uncommon trap: reason=class_check action=maybe_recompile pc=0x000000010b2a7e1c method=java.lang.String.equals(Ljava/lang/Object;)Z @ 8
Event: 0.918 Thread 0x00007fd763134800 Uncommon trap: reason=class_check action=maybe_recompile pc=0x000000010b2a7e1c method=java.lang.String.equals(Ljava/lang/Object;)Z @ 8
Event: 1.183 Thread 0x00007fd763134800 Uncommon trap: reason=unstable_if action=reinterpret pc=0x000000010b3a0320 method=java.lang.CharacterData.of(I)Ljava/lang/CharacterData; @ 4
Event: 1.412 Thread 0x00007fd762826800 Uncommon trap: reason=unstable_if action=reinterpret pc=0x000000010b42533c method=sun.net.www.ParseUtil.encodePath(Ljava/lang/String;Z)Ljava/lang/String; @ 109
Event: 1.480 Thread 0x00007fd763134800 Uncommon trap: reason=unstable_if action=reinterpret pc=0x000000010b45c1b4 method=jdk.internal.org.objectweb.asm.Type.getArgumentsAndReturnSizes(Ljava/lang/String;)I @ 47
Event: 13.432 Thread 0x00007fd76329e000 Uncommon trap: reason=unstable_if action=reinterpret pc=0x000000010b4e99f8 method=java.lang.AbstractStringBuilder.append(Ljava/lang/String;)Ljava/lang/AbstractStringBuilder; @ 1
Event: 13.433 Thread 0x00007fd76329e000 Uncommon trap: reason=unstable_if action=reinterpret pc=0x000000010b3994e8 method=java.lang.AbstractStringBuilder.append(Ljava/lang/String;)Ljava/lang/AbstractStringBuilder; @ 1

Internal exceptions (10 events):
Event: 0.629 Thread 0x00007fd763134800 Exception <a 'java/io/FileNotFoundException'> (0x000000079651c568) thrown at [/Users/java_re/workspace/8-2-build-macosx-x86_64/jdk8u65/4987/hotspot/src/share/vm/prims/jni.cpp, line 709]
Event: 0.643 Thread 0x00007fd763134800 Exception <a 'java/io/FileNotFoundException'> (0x000000079655bd08) thrown at [/Users/java_re/workspace/8-2-build-macosx-x86_64/jdk8u65/4987/hotspot/src/share/vm/prims/jni.cpp, line 709]
Event: 0.650 Thread 0x00007fd763134800 Exception <a 'java/io/FileNotFoundException'> (0x0000000796573c20) thrown at [/Users/java_re/workspace/8-2-build-macosx-x86_64/jdk8u65/4987/hotspot/src/share/vm/prims/jni.cpp, line 709]
Event: 0.657 Thread 0x00007fd763134800 Exception <a 'java/io/FileNotFoundException'> (0x000000079658bc90) thrown at [/Users/java_re/workspace/8-2-build-macosx-x86_64/jdk8u65/4987/hotspot/src/share/vm/prims/jni.cpp, line 709]
Event: 0.663 Thread 0x00007fd763134800 Exception <a 'java/io/FileNotFoundException'> (0x00000007965a3be0) thrown at [/Users/java_re/workspace/8-2-build-macosx-x86_64/jdk8u65/4987/hotspot/src/share/vm/prims/jni.cpp, line 709]
Event: 0.805 Thread 0x00007fd763134800 Implicit null exception at 0x000000010b3ea9f5 to 0x000000010b3eabf1
Event: 12.025 Thread 0x00007fd76329e000 Exception <a 'java/io/FileNotFoundException'> (0x0000000796355648) thrown at [/Users/java_re/workspace/8-2-build-macosx-x86_64/jdk8u65/4987/hotspot/src/share/vm/prims/jni.cpp, line 709]
Event: 12.025 Thread 0x00007fd76329e000 Exception <a 'java/io/FileNotFoundException'> (0x0000000796356198) thrown at [/Users/java_re/workspace/8-2-build-macosx-x86_64/jdk8u65/4987/hotspot/src/share/vm/prims/jni.cpp, line 709]
Event: 13.432 Thread 0x00007fd76329e000 Implicit null exception at 0x000000010b4e9633 to 0x000000010b4e99e5
Event: 13.433 Thread 0x00007fd76329e000 Implicit null exception at 0x000000010b399175 to 0x000000010b3994d5

Events (10 events):
Event: 13.443 loading class sun/lwawt/macosx/CPlatformResponder
Event: 13.443 loading class sun/lwawt/macosx/CPlatformResponder done
Event: 13.443 loading class sun/java2d/opengl/CGLLayer
Event: 13.443 loading class sun/java2d/opengl/CGLLayer done
Event: 13.458 loading class sun/lwawt/macosx/CWrapper$NSWindow
Event: 13.458 loading class sun/lwawt/macosx/CWrapper$NSWindow done
Event: 13.460 loading class java/awt/MenuComponent
Event: 13.460 loading class java/awt/MenuComponent done
Event: 13.460 loading class java/awt/TrayIcon
Event: 13.460 loading class java/awt/TrayIcon done


Dynamic libraries:
0x000000000343e000 	/System/Library/Frameworks/Cocoa.framework/Versions/A/Cocoa
0x000000000343e000 	/System/Library/Frameworks/Security.framework/Versions/A/Security
0x000000000343e000 	/System/Library/Frameworks/ApplicationServices.framework/Versions/A/ApplicationServices
0x000000000343e000 	/usr/lib/libz.1.dylib
0x000000000343e000 	/usr/lib/libSystem.B.dylib
0x000000000343e000 	/usr/lib/libobjc.A.dylib
0x000000000343e000 	/System/Library/Frameworks/CoreFoundation.framework/Versions/A/CoreFoundation
0x000000000343e000 	/System/Library/Frameworks/Foundation.framework/Versions/C/Foundation
0x000000000343e000 	/System/Library/Frameworks/AppKit.framework/Versions/C/AppKit
0x000000000343e000 	/System/Library/Frameworks/CoreData.framework/Versions/A/CoreData
0x000000000343e000 	/System/Library/PrivateFrameworks/RemoteViewServices.framework/Versions/A/RemoteViewServices
0x000000000343e000 	/System/Library/PrivateFrameworks/UIFoundation.framework/Versions/A/UIFoundation
0x000000000343e000 	/System/Library/Frameworks/IOSurface.framework/Versions/A/IOSurface
0x000000000343e000 	/System/Library/Frameworks/AudioToolbox.framework/Versions/A/AudioToolbox
0x000000000343e000 	/System/Library/Frameworks/AudioUnit.framework/Versions/A/AudioUnit
0x000000000343e000 	/System/Library/PrivateFrameworks/DataDetectorsCore.framework/Versions/A/DataDetectorsCore
0x000000000343e000 	/System/Library/PrivateFrameworks/DesktopServicesPriv.framework/Versions/A/DesktopServicesPriv
0x000000000343e000 	/System/Library/Frameworks/Carbon.framework/Versions/A/Frameworks/HIToolbox.framework/Versions/A/HIToolbox
0x000000000343e000 	/System/Library/Frameworks/QuartzCore.framework/Versions/A/QuartzCore
0x000000000343e000 	/System/Library/Frameworks/Carbon.framework/Versions/A/Frameworks/SpeechRecognition.framework/Versions/A/SpeechRecognition
0x000000000343e000 	/usr/lib/libauto.dylib
0x000000000343e000 	/usr/lib/libicucore.A.dylib
0x000000000343e000 	/usr/lib/libxml2.2.dylib
0x000000000343e000 	/System/Library/PrivateFrameworks/CoreUI.framework/Versions/A/CoreUI
0x000000000343e000 	/System/Library/Frameworks/CoreAudio.framework/Versions/A/CoreAudio
0x000000000343e000 	/System/Library/Frameworks/DiskArbitration.framework/Versions/A/DiskArbitration
0x000000000343e000 	/usr/lib/liblangid.dylib
0x000000000343e000 	/System/Library/PrivateFrameworks/MultitouchSupport.framework/Versions/A/MultitouchSupport
0x000000000343e000 	/System/Library/Frameworks/IOKit.framework/Versions/A/IOKit
0x000000000343e000 	/usr/lib/libDiagnosticMessagesClient.dylib
0x000000000343e000 	/System/Library/Frameworks/CoreServices.framework/Versions/A/CoreServices
0x000000000343e000 	/System/Library/PrivateFrameworks/PerformanceAnalysis.framework/Versions/A/PerformanceAnalysis
0x000000000343e000 	/System/Library/PrivateFrameworks/GenerationalStorage.framework/Versions/A/GenerationalStorage
0x000000000343e000 	/System/Library/Frameworks/OpenGL.framework/Versions/A/OpenGL
0x000000000343e000 	/System/Library/PrivateFrameworks/Sharing.framework/Versions/A/Sharing
0x000000000343e000 	/System/Library/Frameworks/CoreGraphics.framework/Versions/A/CoreGraphics
0x000000000343e000 	/System/Library/Frameworks/CoreText.framework/Versions/A/CoreText
0x000000000343e000 	/System/Library/Frameworks/ImageIO.framework/Versions/A/ImageIO
0x000000000343e000 	/usr/lib/libextension.dylib
0x000000000343e000 	/System/Library/PrivateFrameworks/Backup.framework/Versions/A/Backup
0x000000000343e000 	/usr/lib/libarchive.2.dylib
0x000000000343e000 	/System/Library/Frameworks/CFNetwork.framework/Versions/A/CFNetwork
0x000000000343e000 	/System/Library/Frameworks/SystemConfiguration.framework/Versions/A/SystemConfiguration
0x000000000343e000 	/usr/lib/libCRFSuite.dylib
0x000000000343e000 	/usr/lib/libc++.1.dylib
0x000000000343e000 	/usr/lib/libc++abi.dylib
0x000000000343e000 	/usr/lib/system/libcache.dylib
0x000000000343e000 	/usr/lib/system/libcommonCrypto.dylib
0x000000000343e000 	/usr/lib/system/libcompiler_rt.dylib
0x000000000343e000 	/usr/lib/system/libcopyfile.dylib
0x000000000343e000 	/usr/lib/system/libcorecrypto.dylib
0x000000000343e000 	/usr/lib/system/libdispatch.dylib
0x000000000343e000 	/usr/lib/system/libdyld.dylib
0x000000000343e000 	/usr/lib/system/libkeymgr.dylib
0x000000000343e000 	/usr/lib/system/liblaunch.dylib
0x000000000343e000 	/usr/lib/system/libmacho.dylib
0x000000000343e000 	/usr/lib/system/libquarantine.dylib
0x000000000343e000 	/usr/lib/system/libremovefile.dylib
0x000000000343e000 	/usr/lib/system/libsystem_asl.dylib
0x000000000343e000 	/usr/lib/system/libsystem_blocks.dylib
0x000000000343e000 	/usr/lib/system/libsystem_c.dylib
0x000000000343e000 	/usr/lib/system/libsystem_configuration.dylib
0x000000000343e000 	/usr/lib/system/libsystem_coreservices.dylib
0x000000000343e000 	/usr/lib/system/libsystem_coretls.dylib
0x000000000343e000 	/usr/lib/system/libsystem_dnssd.dylib
0x000000000343e000 	/usr/lib/system/libsystem_info.dylib
0x000000000343e000 	/usr/lib/system/libsystem_kernel.dylib
0x000000000343e000 	/usr/lib/system/libsystem_m.dylib
0x000000000343e000 	/usr/lib/system/libsystem_malloc.dylib
0x000000000343e000 	/usr/lib/system/libsystem_network.dylib
0x000000000343e000 	/usr/lib/system/libsystem_networkextension.dylib
0x000000000343e000 	/usr/lib/system/libsystem_notify.dylib
0x000000000343e000 	/usr/lib/system/libsystem_platform.dylib
0x000000000343e000 	/usr/lib/system/libsystem_pthread.dylib
0x000000000343e000 	/usr/lib/system/libsystem_sandbox.dylib
0x000000000343e000 	/usr/lib/system/libsystem_secinit.dylib
0x000000000343e000 	/usr/lib/system/libsystem_stats.dylib
0x000000000343e000 	/usr/lib/system/libsystem_trace.dylib
0x000000000343e000 	/usr/lib/system/libunc.dylib
0x000000000343e000 	/usr/lib/system/libunwind.dylib
0x000000000343e000 	/usr/lib/system/libxpc.dylib
0x000000000343e000 	/usr/lib/libbz2.1.0.dylib
0x000000000343e000 	/usr/lib/liblzma.5.dylib
0x000000000343e000 	/usr/lib/libbsm.0.dylib
0x000000000343e000 	/usr/lib/libsqlite3.dylib
0x000000000343e000 	/usr/lib/system/libkxld.dylib
0x000000000343e000 	/usr/lib/libxar.1.dylib
0x000000000343e000 	/usr/lib/libpam.2.dylib
0x000000000343e000 	/usr/lib/libOpenScriptingUtil.dylib
0x000000000343e000 	/System/Library/Frameworks/CoreServices.framework/Versions/A/Frameworks/FSEvents.framework/Versions/A/FSEvents
0x000000000343e000 	/System/Library/Frameworks/CoreServices.framework/Versions/A/Frameworks/CarbonCore.framework/Versions/A/CarbonCore
0x000000000343e000 	/System/Library/Frameworks/CoreServices.framework/Versions/A/Frameworks/Metadata.framework/Versions/A/Metadata
0x000000000343e000 	/System/Library/Frameworks/CoreServices.framework/Versions/A/Frameworks/OSServices.framework/Versions/A/OSServices
0x000000000343e000 	/System/Library/Frameworks/CoreServices.framework/Versions/A/Frameworks/SearchKit.framework/Versions/A/SearchKit
0x000000000343e000 	/System/Library/Frameworks/CoreServices.framework/Versions/A/Frameworks/AE.framework/Versions/A/AE
0x000000000343e000 	/System/Library/Frameworks/CoreServices.framework/Versions/A/Frameworks/LaunchServices.framework/Versions/A/LaunchServices
0x000000000343e000 	/System/Library/Frameworks/CoreServices.framework/Versions/A/Frameworks/DictionaryServices.framework/Versions/A/DictionaryServices
0x000000000343e000 	/System/Library/Frameworks/NetFS.framework/Versions/A/NetFS
0x000000000343e000 	/System/Library/PrivateFrameworks/NetAuth.framework/Versions/A/NetAuth
0x000000000343e000 	/System/Library/PrivateFrameworks/login.framework/Versions/A/Frameworks/loginsupport.framework/Versions/A/loginsupport
0x000000000343e000 	/System/Library/PrivateFrameworks/TCC.framework/Versions/A/TCC
0x000000000343e000 	/usr/lib/libmecabra.dylib
0x000000000343e000 	/System/Library/Frameworks/ApplicationServices.framework/Versions/A/Frameworks/ATS.framework/Versions/A/ATS
0x000000000343e000 	/System/Library/Frameworks/ApplicationServices.framework/Versions/A/Frameworks/ColorSync.framework/Versions/A/ColorSync
0x000000000343e000 	/System/Library/Frameworks/ApplicationServices.framework/Versions/A/Frameworks/HIServices.framework/Versions/A/HIServices
0x000000000343e000 	/System/Library/Frameworks/ApplicationServices.framework/Versions/A/Frameworks/LangAnalysis.framework/Versions/A/LangAnalysis
0x000000000343e000 	/System/Library/Frameworks/ApplicationServices.framework/Versions/A/Frameworks/PrintCore.framework/Versions/A/PrintCore
0x000000000343e000 	/System/Library/Frameworks/ApplicationServices.framework/Versions/A/Frameworks/QD.framework/Versions/A/QD
0x000000000343e000 	/System/Library/Frameworks/ApplicationServices.framework/Versions/A/Frameworks/SpeechSynthesis.framework/Versions/A/SpeechSynthesis
0x000000000343e000 	/System/Library/Frameworks/Accelerate.framework/Versions/A/Accelerate
0x000000000343e000 	/System/Library/Frameworks/Accelerate.framework/Versions/A/Frameworks/vImage.framework/Versions/A/vImage
0x000000000343e000 	/System/Library/Frameworks/Accelerate.framework/Versions/A/Frameworks/vecLib.framework/Versions/A/vecLib
0x000000000343e000 	/System/Library/Frameworks/Accelerate.framework/Versions/A/Frameworks/vecLib.framework/Versions/A/libvDSP.dylib
0x000000000343e000 	/System/Library/Frameworks/Accelerate.framework/Versions/A/Frameworks/vecLib.framework/Versions/A/libvMisc.dylib
0x000000000343e000 	/System/Library/Frameworks/Accelerate.framework/Versions/A/Frameworks/vecLib.framework/Versions/A/libLAPACK.dylib
0x000000000343e000 	/System/Library/Frameworks/Accelerate.framework/Versions/A/Frameworks/vecLib.framework/Versions/A/libBLAS.dylib
0x000000000343e000 	/System/Library/Frameworks/Accelerate.framework/Versions/A/Frameworks/vecLib.framework/Versions/A/libLinearAlgebra.dylib
0x000000000343e000 	/System/Library/Frameworks/ApplicationServices.framework/Versions/A/Frameworks/ATS.framework/Versions/A/Resources/libFontParser.dylib
0x000000000343e000 	/System/Library/Frameworks/ApplicationServices.framework/Versions/A/Frameworks/ATS.framework/Versions/A/Resources/libFontRegistry.dylib
0x000000000343e000 	/System/Library/PrivateFrameworks/AppleVPA.framework/Versions/A/AppleVPA
0x000000000343e000 	/System/Library/PrivateFrameworks/AppleJPEG.framework/Versions/A/AppleJPEG
0x000000000343e000 	/System/Library/Frameworks/ImageIO.framework/Versions/A/Resources/libJPEG.dylib
0x000000000343e000 	/System/Library/Frameworks/ImageIO.framework/Versions/A/Resources/libTIFF.dylib
0x000000000343e000 	/System/Library/Frameworks/ImageIO.framework/Versions/A/Resources/libPng.dylib
0x000000000343e000 	/System/Library/Frameworks/ImageIO.framework/Versions/A/Resources/libGIF.dylib
0x000000000343e000 	/System/Library/Frameworks/ImageIO.framework/Versions/A/Resources/libJP2.dylib
0x000000000343e000 	/System/Library/Frameworks/ImageIO.framework/Versions/A/Resources/libRadiance.dylib
0x000000000343e000 	/System/Library/Frameworks/CoreVideo.framework/Versions/A/CoreVideo
0x000000000343e000 	/System/Library/Frameworks/OpenGL.framework/Versions/A/Libraries/libGLU.dylib
0x000000000343e000 	/System/Library/Frameworks/OpenGL.framework/Versions/A/Libraries/libGFXShared.dylib
0x000000000343e000 	/System/Library/Frameworks/OpenGL.framework/Versions/A/Libraries/libGL.dylib
0x000000000343e000 	/System/Library/Frameworks/OpenGL.framework/Versions/A/Libraries/libGLImage.dylib
0x000000000343e000 	/System/Library/Frameworks/OpenGL.framework/Versions/A/Libraries/libCVMSPluginSupport.dylib
0x000000000343e000 	/System/Library/Frameworks/OpenGL.framework/Versions/A/Libraries/libCoreVMClient.dylib
0x000000000343e000 	/usr/lib/libcups.2.dylib
0x000000000343e000 	/System/Library/Frameworks/Kerberos.framework/Versions/A/Kerberos
0x000000000343e000 	/System/Library/Frameworks/GSS.framework/Versions/A/GSS
0x000000000343e000 	/usr/lib/libresolv.9.dylib
0x000000000343e000 	/usr/lib/libiconv.2.dylib
0x000000000343e000 	/System/Library/PrivateFrameworks/Heimdal.framework/Versions/A/Heimdal
0x000000000343e000 	/usr/lib/libheimdal-asn1.dylib
0x000000000343e000 	/System/Library/Frameworks/OpenDirectory.framework/Versions/A/OpenDirectory
0x000000000343e000 	/System/Library/PrivateFrameworks/CommonAuth.framework/Versions/A/CommonAuth
0x000000000343e000 	/System/Library/Frameworks/OpenDirectory.framework/Versions/A/Frameworks/CFOpenDirectory.framework/Versions/A/CFOpenDirectory
0x000000000343e000 	/System/Library/Frameworks/SecurityFoundation.framework/Versions/A/SecurityFoundation
0x000000000343e000 	/System/Library/PrivateFrameworks/LanguageModeling.framework/Versions/A/LanguageModeling
0x000000000343e000 	/usr/lib/libcmph.dylib
0x000000000343e000 	/System/Library/Frameworks/ServiceManagement.framework/Versions/A/ServiceManagement
0x000000000343e000 	/usr/lib/libxslt.1.dylib
0x000000000343e000 	/System/Library/Frameworks/Carbon.framework/Versions/A/Frameworks/Ink.framework/Versions/A/Ink
0x000000000343e000 	/System/Library/Frameworks/QuartzCore.framework/Versions/A/Frameworks/CoreImage.framework/Versions/A/CoreImage
0x000000000343e000 	/System/Library/PrivateFrameworks/CrashReporterSupport.framework/Versions/A/CrashReporterSupport
0x000000000343e000 	/System/Library/Frameworks/OpenCL.framework/Versions/A/OpenCL
0x000000000343e000 	/System/Library/PrivateFrameworks/FaceCore.framework/Versions/A/FaceCore
0x000000000343e000 	/System/Library/PrivateFrameworks/Ubiquity.framework/Versions/A/Ubiquity
0x000000000343e000 	/System/Library/PrivateFrameworks/IconServices.framework/Versions/A/IconServices
0x000000000343e000 	/System/Library/PrivateFrameworks/ChunkingLibrary.framework/Versions/A/ChunkingLibrary
0x000000000343e000 	/System/Library/PrivateFrameworks/Apple80211.framework/Versions/A/Apple80211
0x000000000343e000 	/System/Library/Frameworks/CoreWLAN.framework/Versions/A/CoreWLAN
0x000000000343e000 	/System/Library/Frameworks/IOBluetooth.framework/Versions/A/IOBluetooth
0x000000000343e000 	/System/Library/PrivateFrameworks/CoreWiFi.framework/Versions/A/CoreWiFi
0x000000000343e000 	/System/Library/Frameworks/CoreBluetooth.framework/Versions/A/CoreBluetooth
0x000000000343e000 	/System/Library/PrivateFrameworks/DebugSymbols.framework/Versions/A/DebugSymbols
0x000000000343e000 	/System/Library/PrivateFrameworks/CoreSymbolication.framework/Versions/A/CoreSymbolication
0x000000000343e000 	/System/Library/PrivateFrameworks/Symbolication.framework/Versions/A/Symbolication
0x000000000343e000 	/System/Library/PrivateFrameworks/SpeechRecognitionCore.framework/Versions/A/SpeechRecognitionCore
0x000000010a200000 	/Library/Java/JavaVirtualMachines/jdk1.8.0_65.jdk/Contents/Home/jre/lib/server/libjvm.dylib
0x000000000343e000 	/usr/lib/libstdc++.6.dylib
0x00000001099a7000 	/Library/Java/JavaVirtualMachines/jdk1.8.0_65.jdk/Contents/Home/jre/lib/libverify.dylib
0x00000001099b5000 	/Library/Java/JavaVirtualMachines/jdk1.8.0_65.jdk/Contents/Home/jre/lib/libjava.dylib
0x00000001099f4000 	/Library/Java/JavaVirtualMachines/jdk1.8.0_65.jdk/Contents/Home/jre/lib/libzip.dylib
0x0000000121200000 	/System/Library/Frameworks/JavaVM.framework/Frameworks/JavaRuntimeSupport.framework/JavaRuntimeSupport
0x0000000121218000 	/System/Library/Frameworks/JavaVM.framework/Versions/A/Frameworks/JavaNativeFoundation.framework/Versions/A/JavaNativeFoundation
0x000000012122d000 	/System/Library/Frameworks/JavaVM.framework/Versions/A/JavaVM
0x000000000343e000 	/System/Library/Frameworks/Carbon.framework/Versions/A/Carbon
0x000000012123a000 	/System/Library/PrivateFrameworks/JavaLaunching.framework/Versions/A/JavaLaunching
0x000000000343e000 	/System/Library/Frameworks/Carbon.framework/Versions/A/Frameworks/CommonPanels.framework/Versions/A/CommonPanels
0x000000000343e000 	/System/Library/Frameworks/Carbon.framework/Versions/A/Frameworks/Help.framework/Versions/A/Help
0x000000000343e000 	/System/Library/Frameworks/Carbon.framework/Versions/A/Frameworks/ImageCapture.framework/Versions/A/ImageCapture
0x000000000343e000 	/System/Library/Frameworks/Carbon.framework/Versions/A/Frameworks/OpenScripting.framework/Versions/A/OpenScripting
0x000000000343e000 	/System/Library/Frameworks/Carbon.framework/Versions/A/Frameworks/Print.framework/Versions/A/Print
0x000000000343e000 	/System/Library/Frameworks/Carbon.framework/Versions/A/Frameworks/SecurityHI.framework/Versions/A/SecurityHI
0x0000000123307000 	/Library/Java/JavaVirtualMachines/jdk1.8.0_65.jdk/Contents/Home/jre/lib/libprism_es2.dylib
0x000000000343e000 	/System/Library/Frameworks/OpenGL.framework/Versions/A/Resources/GLEngine.bundle/GLEngine
0x000000000343e000 	/System/Library/Frameworks/OpenGL.framework/Versions/A/Libraries/libGLProgrammability.dylib
0x0000000123389000 	/System/Library/Extensions/AppleIntelHD4000GraphicsGLDriver.bundle/Contents/MacOS/AppleIntelHD4000GraphicsGLDriver
0x000000000343e000 	/System/Library/PrivateFrameworks/IOAccelerator.framework/Versions/A/IOAccelerator
0x000000000343e000 	/System/Library/PrivateFrameworks/GPUSupport.framework/Versions/A/Libraries/libGPUSupportMercury.dylib
0x000000000343e000 	/System/Library/Frameworks/OpenGL.framework/Versions/A/Resources/GLRendererFloat.bundle/GLRendererFloat
0x000000000343e000 	/System/Library/Frameworks/OpenCL.framework/Versions/A/Libraries/libcldcpuengine.dylib
0x000000000343e000 	/System/Library/PrivateFrameworks/DiskImages.framework/Versions/A/DiskImages
0x000000000343e000 	/System/Library/Frameworks/DiscRecording.framework/Versions/A/DiscRecording
0x000000000343e000 	/usr/lib/libcsfde.dylib
0x000000000343e000 	/usr/lib/libcurl.4.dylib
0x000000000343e000 	/System/Library/PrivateFrameworks/MediaKit.framework/Versions/A/MediaKit
0x000000000343e000 	/System/Library/PrivateFrameworks/ProtectedCloudStorage.framework/Versions/A/ProtectedCloudStorage
0x000000000343e000 	/usr/lib/libCoreStorage.dylib
0x000000000343e000 	/System/Library/PrivateFrameworks/EFILogin.framework/Versions/A/EFILogin
0x000000000343e000 	/usr/lib/libutil.dylib
0x000000000343e000 	/System/Library/PrivateFrameworks/FindMyDevice.framework/Versions/A/FindMyDevice
0x000000000343e000 	/System/Library/Frameworks/LDAP.framework/Versions/A/LDAP
0x000000000343e000 	/usr/lib/libsasl2.2.dylib
0x000000000343e000 	/System/Library/PrivateFrameworks/CoreDaemon.framework/Versions/B/CoreDaemon
0x000000000343e000 	/usr/lib/libcrypto.0.9.8.dylib
0x000000000343e000 	/System/Library/PrivateFrameworks/AppleSRP.framework/Versions/A/AppleSRP
0x000000000343e000 	/System/Library/PrivateFrameworks/TrustEvaluationAgent.framework/Versions/A/TrustEvaluationAgent
0x0000000123e17000 	/Library/Java/JavaVirtualMachines/jdk1.8.0_65.jdk/Contents/Home/jre/lib/libglass.dylib
0x000000000343e000 	/System/Library/PrivateFrameworks/CoreServicesInternal.framework/Versions/A/CoreServicesInternal
0x000000000343e000 	/System/Library/PrivateFrameworks/CloudDocs.framework/Versions/A/CloudDocs
0x000000000343e000 	/System/Library/PrivateFrameworks/CoreDuet.framework/Versions/A/CoreDuet
0x000000000343e000 	/System/Library/Frameworks/CloudKit.framework/Versions/A/CloudKit
0x000000000343e000 	/System/Library/PrivateFrameworks/ProtocolBuffer.framework/Versions/A/ProtocolBuffer
0x000000000343e000 	/System/Library/PrivateFrameworks/CoreDuetDaemonProtocol.framework/Versions/A/CoreDuetDaemonProtocol
0x000000000343e000 	/System/Library/PrivateFrameworks/CoreDuetDebugLogging.framework/Versions/A/CoreDuetDebugLogging
0x000000000343e000 	/System/Library/PrivateFrameworks/MMCS.framework/Versions/A/MMCS
0x000000000343e000 	/System/Library/Frameworks/CoreLocation.framework/Versions/A/CoreLocation
0x000000000343e000 	/System/Library/PrivateFrameworks/GeoServices.framework/Versions/A/GeoServices
0x000000000343e000 	/System/Library/Frameworks/CoreGraphics.framework/Versions/A/Resources/libCGCMS.A.dylib
0x000000000343e000 	/System/Library/CoreServices/RawCamera.bundle/Contents/MacOS/RawCamera
0x000000000343e000 	/System/Library/Frameworks/CoreGraphics.framework/Versions/A/Resources/libRIP.A.dylib
0x000000000343e000 	/System/Library/PrivateFrameworks/FamilyControls.framework/Versions/A/FamilyControls
0x000000000343e000 	/System/Library/PrivateFrameworks/CommerceKit.framework/Versions/A/Frameworks/CommerceCore.framework/Versions/A/CommerceCore
0x000000000343e000 	/System/Library/PrivateFrameworks/SystemAdministration.framework/Versions/A/SystemAdministration
0x000000000343e000 	/System/Library/PrivateFrameworks/AppContainer.framework/Versions/A/AppContainer
0x000000000343e000 	/System/Library/PrivateFrameworks/SecCodeWrapper.framework/Versions/A/SecCodeWrapper
0x000000000343e000 	/System/Library/Frameworks/DirectoryService.framework/Versions/A/DirectoryService
0x000000000343e000 	/System/Library/PrivateFrameworks/LoginUIKit.framework/Versions/A/Frameworks/LoginUICore.framework/Versions/A/LoginUICore
0x000000000343e000 	/usr/lib/libodfde.dylib
0x0000000127cf6000 	/Library/Java/JavaVirtualMachines/jdk1.8.0_65.jdk/Contents/Home/jre/lib/libjavafx_iio.dylib
0x0000000128393000 	/Library/Java/JavaVirtualMachines/jdk1.8.0_65.jdk/Contents/Home/jre/lib/libjavafx_font.dylib
0x000000000343e000 	/System/Library/Frameworks/CoreGraphics.framework/Versions/A/Resources/libCGXType.A.dylib
0x0000000129d40000 	cl_kernels
0x000000012b3ed000 	/System/Library/Frameworks/OpenCL.framework/Versions/A/Libraries/ImageFormats/unorm8_bgra.dylib
0x0000000129d32000 	cl_kernels
0x000000012c32b000 	/Library/Java/JavaVirtualMachines/jdk1.8.0_65.jdk/Contents/Home/jre/lib/libprism_common.dylib
0x000000012945a000 	/Library/Java/JavaVirtualMachines/jdk1.8.0_65.jdk/Contents/Home/jre/lib/libawt.dylib
0x0000000129502000 	/Library/Java/JavaVirtualMachines/jdk1.8.0_65.jdk/Contents/Home/jre/lib/./libmlib_image.dylib
0x000000012986b000 	/Library/Java/JavaVirtualMachines/jdk1.8.0_65.jdk/Contents/Home/jre/lib/libawt_lwawt.dylib
0x000000012134d000 	/Library/Java/JavaVirtualMachines/jdk1.8.0_65.jdk/Contents/Home/jre/lib/./libosxapp.dylib
0x000000000343e000 	/System/Library/Frameworks/ExceptionHandling.framework/Versions/A/ExceptionHandling
0x0000000123204000 	/Library/Java/JavaVirtualMachines/jdk1.8.0_65.jdk/Contents/Home/jre/lib/libfontmanager.dylib
0x000000012136c000 	/Library/Java/JavaVirtualMachines/jdk1.8.0_65.jdk/Contents/Home/jre/lib/libosxui.dylib
0x000000012935c000 	/Library/Java/JavaVirtualMachines/jdk1.8.0_65.jdk/Contents/Home/jre/lib/libnet.dylib
0x0000000129373000 	/Library/Java/JavaVirtualMachines/jdk1.8.0_65.jdk/Contents/Home/jre/lib/libnio.dylib
0x000000000343e000 	/System/Library/Frameworks/ApplicationServices.framework/Versions/A/Frameworks/ATS.framework/Versions/A/Resources/libTrueTypeScaler.dylib

VM Arguments:
jvm_args: -Dfile.encoding=UTF-8 
java_command: application.HorseRace
java_class_path (initial): /Users/bryanbastida/Documents/workspace/horsebettinggame/bin:/Users/bryanbastida/.p2/pool/plugins/org.eclipse.fx.ide.css.jfx8_2.0.0.201506111511.jar
Launcher Type: SUN_STANDARD

Environment Variables:
PATH=/usr/bin:/bin:/usr/sbin:/sbin
SHELL=/bin/bash
DISPLAY=/private/tmp/com.apple.launchd.VOYCxtIEoE/org.macosforge.xquartz:0

Signal Handlers:
SIGSEGV: [libjvm.dylib+0x5a6d31], sa_mask[0]=11111111011111110111111111111111, sa_flags=SA_ONSTACK|SA_RESTART|SA_SIGINFO
SIGBUS: [libjvm.dylib+0x5a6d31], sa_mask[0]=11111111011111110111111111111111, sa_flags=SA_RESTART|SA_SIGINFO
SIGFPE: [libjvm.dylib+0x480a40], sa_mask[0]=11111111011111110111111111111111, sa_flags=SA_RESTART|SA_SIGINFO
SIGPIPE: [libjvm.dylib+0x480a40], sa_mask[0]=11111111011111110111111111111111, sa_flags=SA_RESTART|SA_SIGINFO
SIGXFSZ: [libjvm.dylib+0x480a40], sa_mask[0]=11111111011111110111111111111111, sa_flags=SA_RESTART|SA_SIGINFO
SIGILL: [libjvm.dylib+0x480a40], sa_mask[0]=11111111011111110111111111111111, sa_flags=SA_RESTART|SA_SIGINFO
SIGUSR1: SIG_DFL, sa_mask[0]=00000000000000000000000000000000, sa_flags=none
SIGUSR2: [libjvm.dylib+0x48055e], sa_mask[0]=00100000000000000000000000000000, sa_flags=SA_RESTART|SA_SIGINFO
SIGHUP: [libjvm.dylib+0x47eb35], sa_mask[0]=11111111011111110111111111111111, sa_flags=SA_RESTART|SA_SIGINFO
SIGINT: [libjvm.dylib+0x47eb35], sa_mask[0]=11111111011111110111111111111111, sa_flags=SA_RESTART|SA_SIGINFO
SIGTERM: [libjvm.dylib+0x47eb35], sa_mask[0]=11111111011111110111111111111111, sa_flags=SA_RESTART|SA_SIGINFO
SIGQUIT: [libjvm.dylib+0x47eb35], sa_mask[0]=11111111011111110111111111111111, sa_flags=SA_RESTART|SA_SIGINFO


---------------  S Y S T E M  ---------------

OS:Bsduname:Darwin 14.5.0 Darwin Kernel Version 14.5.0: Wed Jul 29 02:26:53 PDT 2015; root:xnu-2782.40.9~1/RELEASE_X86_64 x86_64
rlimit: STACK 8192k, CORE 0k, NPROC 709, NOFILE 10240, AS infinity
load average:1.95 1.57 1.37

CPU:total 4 (2 cores per cpu, 2 threads per core) family 6 model 58 stepping 9, cmov, cx8, fxsr, mmx, sse, sse2, sse3, ssse3, sse4.1, sse4.2, popcnt, avx, aes, clmul, erms, ht, tsc, tscinvbit, tscinv

Memory: 4k page, physical 8388608k(804140k free)

/proc/meminfo:


vm_info: Java HotSpot(TM) 64-Bit Server VM (25.65-b01) for bsd-amd64 JRE (1.8.0_65-b17), built on Oct  6 2015 15:36:46 by "java_re" with gcc 4.2.1 (Based on Apple Inc. build 5658) (LLVM build 2336.11.00)

time: Fri Dec 11 16:49:13 2015
elapsed time: 13 seconds (0d 0h 0m 13s)

